  [1m[35m (0.1ms)[0m  [1m[34mSELECT sqlite_version(*)[0m
  ↳ bin/rails:9
  [1m[35m (1.0ms)[0m  [1m[35mCREATE TABLE "schema_migrations" ("version" varchar NOT NULL PRIMARY KEY)[0m
  ↳ bin/rails:9
  [1m[35m (0.9ms)[0m  [1m[35mCREATE TABLE "ar_internal_metadata" ("key" varchar NOT NULL PRIMARY KEY, "value" varchar, "created_at" datetime NOT NULL, "updated_at" datetime NOT NULL)[0m
  ↳ bin/rails:9
  [1m[35m (0.2ms)[0m  [1m[34mSELECT "schema_migrations"."version" FROM "schema_migrations" ORDER BY "schema_migrations"."version" ASC[0m
  ↳ bin/rails:9
Migrating to CreateTasks (20180505071007)
  [1m[35m (0.1ms)[0m  [1m[36mbegin transaction[0m
  ↳ bin/rails:9
  [1m[35m (0.4ms)[0m  [1m[35mCREATE TABLE "tasks" ("id" integer PRIMARY KEY AUTOINCREMENT NOT NULL, "title" varchar, "details" text, "completed" boolean DEFAULT 0, "created_at" datetime NOT NULL, "updated_at" datetime NOT NULL)[0m
  ↳ db/migrate/20180505071007_create_tasks.rb:3
  [1m[36mActiveRecord::SchemaMigration Create (0.2ms)[0m  [1m[32mINSERT INTO "schema_migrations" ("version") VALUES (?)[0m  [["version", "20180505071007"]]
  ↳ bin/rails:9
  [1m[35m (0.7ms)[0m  [1m[36mcommit transaction[0m
  ↳ bin/rails:9
  [1m[36mActiveRecord::InternalMetadata Load (0.2ms)[0m  [1m[34mSELECT  "ar_internal_metadata".* FROM "ar_internal_metadata" WHERE "ar_internal_metadata"."key" = ? LIMIT ?[0m  [["key", "environment"], ["LIMIT", 1]]
  ↳ bin/rails:9
  [1m[35m (0.1ms)[0m  [1m[36mbegin transaction[0m
  ↳ bin/rails:9
  [1m[36mActiveRecord::InternalMetadata Create (0.3ms)[0m  [1m[32mINSERT INTO "ar_internal_metadata" ("key", "value", "created_at", "updated_at") VALUES (?, ?, ?, ?)[0m  [["key", "environment"], ["value", "development"], ["created_at", "2018-05-05 07:13:17.135236"], ["updated_at", "2018-05-05 07:13:17.135236"]]
  ↳ bin/rails:9
  [1m[35m (0.8ms)[0m  [1m[36mcommit transaction[0m
  ↳ bin/rails:9
  [1m[35m (0.1ms)[0m  [1m[34mSELECT "schema_migrations"."version" FROM "schema_migrations" ORDER BY "schema_migrations"."version" ASC[0m
  ↳ bin/rails:9
Started GET "/" for 127.0.0.1 at 2018-05-05 00:18:23 -0700
  [1m[35m (0.4ms)[0m  [1m[34mSELECT "schema_migrations"."version" FROM "schema_migrations" ORDER BY "schema_migrations"."version" ASC[0m
  ↳ /usr/local/lib/ruby/gems/2.5.0/gems/activerecord-5.2.0/lib/active_record/log_subscriber.rb:98
Processing by Rails::WelcomeController#index as HTML
  Rendering /usr/local/lib/ruby/gems/2.5.0/gems/railties-5.2.0/lib/rails/templates/rails/welcome/index.html.erb
  Rendered /usr/local/lib/ruby/gems/2.5.0/gems/railties-5.2.0/lib/rails/templates/rails/welcome/index.html.erb (7.4ms)
Completed 200 OK in 82ms (Views: 28.4ms | ActiveRecord: 0.0ms)


  [1m[35m (0.1ms)[0m  [1m[36mbegin transaction[0m
  [1m[36mTask Create (0.5ms)[0m  [1m[32mINSERT INTO "tasks" ("title", "details", "created_at", "updated_at") VALUES (?, ?, ?, ?)[0m  [["title", "Laundry"], ["details", "Do not mix colors!"], ["created_at", "2018-05-05 07:44:53.263204"], ["updated_at", "2018-05-05 07:44:53.263204"]]
  [1m[35m (0.8ms)[0m  [1m[36mcommit transaction[0m
  [1m[35m (0.1ms)[0m  [1m[36mbegin transaction[0m
  [1m[36mTask Create (0.4ms)[0m  [1m[32mINSERT INTO "tasks" ("title", "details", "completed", "created_at", "updated_at") VALUES (?, ?, ?, ?, ?)[0m  [["title", "Studying"], ["details", "A lot of flashcards to do"], ["completed", 1], ["created_at", "2018-05-05 07:45:08.664600"], ["updated_at", "2018-05-05 07:45:08.664600"]]
  [1m[35m (3.1ms)[0m  [1m[36mcommit transaction[0m
Started GET "/" for 127.0.0.1 at 2018-05-05 00:45:52 -0700
  [1m[35m (0.4ms)[0m  [1m[34mSELECT "schema_migrations"."version" FROM "schema_migrations" ORDER BY "schema_migrations"."version" ASC[0m
  ↳ /usr/local/lib/ruby/gems/2.5.0/gems/activerecord-5.2.0/lib/active_record/log_subscriber.rb:98
Processing by Rails::WelcomeController#index as HTML
  Rendering /usr/local/lib/ruby/gems/2.5.0/gems/railties-5.2.0/lib/rails/templates/rails/welcome/index.html.erb
  Rendered /usr/local/lib/ruby/gems/2.5.0/gems/railties-5.2.0/lib/rails/templates/rails/welcome/index.html.erb (3.1ms)
Completed 200 OK in 21ms (Views: 10.6ms | ActiveRecord: 0.0ms)


Started GET "/tasks" for 127.0.0.1 at 2018-05-05 00:46:14 -0700
Processing by TasksController#index as HTML
  Rendering tasks/index.html.erb within layouts/application
  [1m[36mTask Load (0.3ms)[0m  [1m[34mSELECT "tasks".* FROM "tasks"[0m
  ↳ app/views/tasks/index.html.erb:4
  Rendered tasks/index.html.erb within layouts/application (139.3ms)
Completed 500 Internal Server Error in 150ms (ActiveRecord: 1.3ms)


  
ActionView::Template::Error (undefined method `task_path' for #<#<Class:0x00007fd4881c4cd8>:0x00007fd4881cb9c0>
Did you mean?  tasks_path):
     8:       <% else %>
     9:         <i class="fa fa-square-o"></i>
    10:       <% end %>
    11:       <%= link_to task.title, task_path(task.id) %>
    12:       ·
    13:       <%= link_to task_path(task.id), method: :delete, data: { confirm: "Delete #{task.title}?" } do %>
    14:         <i class="fa fa-trash-o" aria-hidden="true"></i>
  
app/views/tasks/index.html.erb:11:in `block in _app_views_tasks_index_html_erb__368851791571249115_70275396676200'
app/views/tasks/index.html.erb:4:in `_app_views_tasks_index_html_erb__368851791571249115_70275396676200'
Started GET "/tasks" for 127.0.0.1 at 2018-05-05 00:48:20 -0700
Processing by TasksController#index as HTML
  Rendering tasks/index.html.erb within layouts/application
  [1m[36mTask Load (0.2ms)[0m  [1m[34mSELECT "tasks".* FROM "tasks"[0m
  ↳ app/views/tasks/index.html.erb:2
  Rendered tasks/index.html.erb within layouts/application (1.1ms)
Completed 200 OK in 662ms (Views: 660.6ms | ActiveRecord: 0.2ms)


Started GET "/tasks" for 127.0.0.1 at 2018-05-05 01:01:22 -0700
  [1m[35m (0.4ms)[0m  [1m[34mSELECT "schema_migrations"."version" FROM "schema_migrations" ORDER BY "schema_migrations"."version" ASC[0m
  ↳ /usr/local/lib/ruby/gems/2.5.0/gems/activerecord-5.2.0/lib/active_record/log_subscriber.rb:98
Processing by TasksController#index as HTML
  Rendering tasks/index.html.erb within layouts/application
  [1m[36mTask Load (0.4ms)[0m  [1m[34mSELECT "tasks".* FROM "tasks"[0m
  ↳ app/views/tasks/index.html.erb:4
  Rendered tasks/index.html.erb within layouts/application (125.9ms)
Completed 500 Internal Server Error in 142ms (ActiveRecord: 1.0ms)


  
ActionView::Template::Error (undefined method `task_path' for #<#<Class:0x00007f9a31b7b128>:0x00007f9a31b78658>
Did you mean?  tasks_path):
     8:       <% else %>
     9:         <i class="fa fa-square-o"></i>
    10:       <% end %>
    11:       <%= link_to task.title, task_path(task.id) %>
    12:       ·
    13:       <%= link_to task_path(task.id), method: :delete, data: { confirm: "Delete #{task.title}?" } do %>
    14:         <i class="fa fa-trash-o" aria-hidden="true"></i>
  
app/views/tasks/index.html.erb:11:in `block in _app_views_tasks_index_html_erb___205110021938101746_70150117908280'
app/views/tasks/index.html.erb:4:in `_app_views_tasks_index_html_erb___205110021938101746_70150117908280'
Started GET "/tasks/new" for 127.0.0.1 at 2018-05-05 01:01:51 -0700
Processing by TasksController#new as HTML
  Rendering tasks/new.html.erb within layouts/application
  Rendered tasks/_form.html.erb (85.6ms)
  Rendered tasks/new.html.erb within layouts/application (87.8ms)
Completed 200 OK in 292ms (Views: 289.8ms | ActiveRecord: 0.0ms)


Started GET "/tasks/1" for 127.0.0.1 at 2018-05-05 01:02:06 -0700
Processing by TasksController#show as HTML
  Parameters: {"id"=>"1"}
  [1m[36mTask Load (0.3ms)[0m  [1m[34mSELECT  "tasks".* FROM "tasks" WHERE "tasks"."id" = ? LIMIT ?[0m  [["id", 1], ["LIMIT", 1]]
  ↳ app/controllers/tasks_controller.rb:7
  Rendering tasks/show.html.erb within layouts/application
  Rendered tasks/show.html.erb within layouts/application (131.2ms)
Completed 500 Internal Server Error in 140ms (ActiveRecord: 0.3ms)


  
ActionView::Template::Error (undefined method `edit_task_path' for #<#<Class:0x00007f9a31b7b128>:0x00007f9a3334c310>):
    1: <%= link_to edit_task_path(@task.id), class: 'pull-right btn btn-default' do %>
    2:   <i class="fa fa-pencil"></i> Edit this task
    3: <% end %>
    4: 
  
app/views/tasks/show.html.erb:1:in `_app_views_tasks_show_html_erb___678953690648624202_70150130394640'
Started GET "/tasks" for 127.0.0.1 at 2018-05-05 01:02:29 -0700
Processing by TasksController#index as HTML
  Rendering tasks/index.html.erb within layouts/application
  [1m[36mTask Load (0.2ms)[0m  [1m[34mSELECT "tasks".* FROM "tasks"[0m
  ↳ app/views/tasks/index.html.erb:4
  Rendered tasks/index.html.erb within layouts/application (148.4ms)
Completed 500 Internal Server Error in 154ms (ActiveRecord: 0.2ms)


  
ActionView::Template::Error (undefined method `task_path' for #<#<Class:0x00007f9a31b7b128>:0x00007f9a333d18f8>
Did you mean?  tasks_path):
     8:       <% else %>
     9:         <i class="fa fa-square-o"></i>
    10:       <% end %>
    11:       <%= link_to task.title, task_path(task.id) %>
    12:       ·
    13:       <%= link_to task_path(task.id), method: :delete, data: { confirm: "Delete #{task.title}?" } do %>
    14:         <i class="fa fa-trash-o" aria-hidden="true"></i>
  
app/views/tasks/index.html.erb:11:in `block in _app_views_tasks_index_html_erb___205110021938101746_70150130667780'
app/views/tasks/index.html.erb:4:in `_app_views_tasks_index_html_erb___205110021938101746_70150130667780'
Started GET "/tasks" for 127.0.0.1 at 2018-05-05 01:05:42 -0700
  [1m[35m (0.2ms)[0m  [1m[34mSELECT "schema_migrations"."version" FROM "schema_migrations" ORDER BY "schema_migrations"."version" ASC[0m
  ↳ /usr/local/lib/ruby/gems/2.5.0/gems/activerecord-5.2.0/lib/active_record/log_subscriber.rb:98
Processing by TasksController#index as HTML
  Rendering tasks/index.html.erb within layouts/application
  [1m[36mTask Load (0.2ms)[0m  [1m[34mSELECT "tasks".* FROM "tasks"[0m
  ↳ app/views/tasks/index.html.erb:4
  Rendered tasks/index.html.erb within layouts/application (134.9ms)
Completed 500 Internal Server Error in 153ms (ActiveRecord: 0.7ms)


  
ActionView::Template::Error (undefined method `task_path' for #<#<Class:0x00007f87e79e53b0>:0x00007f87e3f0ea20>
Did you mean?  tasks_path):
     8:       <% else %>
     9:         <i class="fa fa-square-o"></i>
    10:       <% end %>
    11:       <%= link_to task.title, task_path(task.id) %>
    12:       ·
    13:       <%= link_to task_path(task.id), method: :delete, data: { confirm: "Delete #{task.title}?" } do %>
    14:         <i class="fa fa-trash-o" aria-hidden="true"></i>
  
app/views/tasks/index.html.erb:11:in `block in _app_views_tasks_index_html_erb__2755495180286936014_70110841614460'
app/views/tasks/index.html.erb:4:in `_app_views_tasks_index_html_erb__2755495180286936014_70110841614460'
Started GET "/tasks" for 127.0.0.1 at 2018-05-05 01:05:57 -0700
Processing by TasksController#index as HTML
  Rendering tasks/index.html.erb within layouts/application
  [1m[36mTask Load (0.2ms)[0m  [1m[34mSELECT "tasks".* FROM "tasks"[0m
  ↳ app/views/tasks/index.html.erb:4
  Rendered tasks/index.html.erb within layouts/application (139.6ms)
Completed 500 Internal Server Error in 145ms (ActiveRecord: 0.2ms)


  
ActionView::Template::Error (undefined method `task_path' for #<#<Class:0x00007f87e79e53b0>:0x00007f87e790aa58>
Did you mean?  tasks_path):
     8:       <% else %>
     9:         <i class="fa fa-square-o"></i>
    10:       <% end %>
    11:       <%= link_to task.title, task_path(task.id) %>
    12:       ·
    13:       <%= link_to task_path(task.id), method: :delete, data: { confirm: "Delete #{task.title}?" } do %>
    14:         <i class="fa fa-trash-o" aria-hidden="true"></i>
  
app/views/tasks/index.html.erb:11:in `block in _app_views_tasks_index_html_erb__2755495180286936014_70110841166380'
app/views/tasks/index.html.erb:4:in `_app_views_tasks_index_html_erb__2755495180286936014_70110841166380'
Started GET "/" for 127.0.0.1 at 2018-05-05 01:06:18 -0700
  [1m[35m (0.2ms)[0m  [1m[34mSELECT "schema_migrations"."version" FROM "schema_migrations" ORDER BY "schema_migrations"."version" ASC[0m
  ↳ /usr/local/lib/ruby/gems/2.5.0/gems/activerecord-5.2.0/lib/active_record/log_subscriber.rb:98
Processing by Rails::WelcomeController#index as HTML
  Rendering /usr/local/lib/ruby/gems/2.5.0/gems/railties-5.2.0/lib/rails/templates/rails/welcome/index.html.erb
  Rendered /usr/local/lib/ruby/gems/2.5.0/gems/railties-5.2.0/lib/rails/templates/rails/welcome/index.html.erb (3.2ms)
Completed 200 OK in 19ms (Views: 8.8ms | ActiveRecord: 0.0ms)


Started GET "/tasks" for 127.0.0.1 at 2018-05-05 01:06:25 -0700
Processing by TasksController#index as HTML
  Rendering tasks/index.html.erb within layouts/application
  [1m[36mTask Load (0.3ms)[0m  [1m[34mSELECT "tasks".* FROM "tasks"[0m
  ↳ app/views/tasks/index.html.erb:4
  Rendered tasks/index.html.erb within layouts/application (130.2ms)
Completed 500 Internal Server Error in 138ms (ActiveRecord: 1.3ms)


  
ActionView::Template::Error (undefined method `task_path' for #<#<Class:0x00007fae76b6c430>:0x00007fae76c0f2c0>
Did you mean?  tasks_path):
     8:       <% else %>
     9:         <i class="fa fa-square-o"></i>
    10:       <% end %>
    11:       <%= link_to task.title, task_path(task.id) %>
    12:       ·
    13:       <%= link_to task_path(task.id), method: :delete, data: { confirm: "Delete #{task.title}?" } do %>
    14:         <i class="fa fa-trash-o" aria-hidden="true"></i>
  
app/views/tasks/index.html.erb:11:in `block in _app_views_tasks_index_html_erb__942844510373503076_70193646364180'
app/views/tasks/index.html.erb:4:in `_app_views_tasks_index_html_erb__942844510373503076_70193646364180'
Started GET "/tasks" for 127.0.0.1 at 2018-05-05 01:06:46 -0700
Processing by TasksController#index as HTML
  Rendering tasks/index.html.erb within layouts/application
  [1m[36mTask Load (0.2ms)[0m  [1m[34mSELECT "tasks".* FROM "tasks"[0m
  ↳ app/views/tasks/index.html.erb:4
  Rendered tasks/index.html.erb within layouts/application (139.0ms)
Completed 500 Internal Server Error in 144ms (ActiveRecord: 0.2ms)


  
ActionView::Template::Error (undefined method `task_path' for #<#<Class:0x00007fae76b6c430>:0x00007fae7693c3b8>
Did you mean?  tasks_path):
    10:       <% end %>
    11:       <%= link_to task.title, tasks_path(task.id) %>
    12:       ·
    13:       <%= link_to task_path(task.id), method: :delete, data: { confirm: "Delete #{task.title}?" } do %>
    14:         <i class="fa fa-trash-o" aria-hidden="true"></i>
    15:       <% end %>
    16:     </li>
  
app/views/tasks/index.html.erb:13:in `block in _app_views_tasks_index_html_erb__942844510373503076_70193645217660'
app/views/tasks/index.html.erb:4:in `_app_views_tasks_index_html_erb__942844510373503076_70193645217660'
Started GET "/tasks" for 127.0.0.1 at 2018-05-05 01:07:00 -0700
Processing by TasksController#index as HTML
  Rendering tasks/index.html.erb within layouts/application
  [1m[36mTask Load (0.3ms)[0m  [1m[34mSELECT "tasks".* FROM "tasks"[0m
  ↳ app/views/tasks/index.html.erb:4
  Rendered tasks/index.html.erb within layouts/application (226.7ms)
Completed 500 Internal Server Error in 232ms (ActiveRecord: 0.3ms)


  
ActionView::Template::Error (undefined local variable or method `new_task_path' for #<#<Class:0x00007fae76b6c430>:0x00007fae769c0550>
Did you mean?  tasks_new_path):
    19: 
    20: <hr>
    21: 
    22: <%= link_to new_task_path do %>
    23:   <i class="fa fa-plus"></i> Add a new task
    24: <% end %>
  
app/views/tasks/index.html.erb:22:in `_app_views_tasks_index_html_erb__942844510373503076_70193645488600'
Started GET "/tasks" for 127.0.0.1 at 2018-05-05 01:07:22 -0700
Processing by TasksController#index as HTML
  Rendering tasks/index.html.erb within layouts/application
  [1m[36mTask Load (0.2ms)[0m  [1m[34mSELECT "tasks".* FROM "tasks"[0m
  ↳ app/views/tasks/index.html.erb:4
  Rendered tasks/index.html.erb within layouts/application (210.1ms)
Completed 500 Internal Server Error in 216ms (ActiveRecord: 0.2ms)


  
ActionView::Template::Error (undefined local variable or method `new_tasks_path' for #<#<Class:0x00007fae76b6c430>:0x00007fae76b0b428>
Did you mean?  tasks_new_path):
    19: 
    20: <hr>
    21: 
    22: <%= link_to new_tasks_path do %>
    23:   <i class="fa fa-plus"></i> Add a new task
    24: <% end %>
  
app/views/tasks/index.html.erb:22:in `_app_views_tasks_index_html_erb__942844510373503076_70193646174220'
Started GET "/tasks" for 127.0.0.1 at 2018-05-05 01:07:43 -0700
Processing by TasksController#index as HTML
  Rendering tasks/index.html.erb within layouts/application
  [1m[36mTask Load (0.2ms)[0m  [1m[34mSELECT "tasks".* FROM "tasks"[0m
  ↳ app/views/tasks/index.html.erb:4
  Rendered tasks/index.html.erb within layouts/application (2.0ms)
Completed 200 OK in 239ms (Views: 237.0ms | ActiveRecord: 0.2ms)


Started GET "/tasks.1" for 127.0.0.1 at 2018-05-05 01:07:45 -0700
Processing by TasksController#index as 
  Rendering tasks/index.html.erb within layouts/application
  [1m[36mTask Load (0.2ms)[0m  [1m[34mSELECT "tasks".* FROM "tasks"[0m
  ↳ app/views/tasks/index.html.erb:4
  Rendered tasks/index.html.erb within layouts/application (1.8ms)
Completed 200 OK in 57ms (Views: 32.7ms | ActiveRecord: 0.2ms)


Started GET "/tasks.2" for 127.0.0.1 at 2018-05-05 01:07:50 -0700
Processing by TasksController#index as 
  Rendering tasks/index.html.erb within layouts/application
  [1m[36mTask Load (0.3ms)[0m  [1m[34mSELECT "tasks".* FROM "tasks"[0m
  ↳ app/views/tasks/index.html.erb:4
  Rendered tasks/index.html.erb within layouts/application (2.8ms)
Completed 200 OK in 53ms (Views: 35.4ms | ActiveRecord: 0.3ms)


Started GET "/tasks.2" for 127.0.0.1 at 2018-05-05 01:07:52 -0700
Processing by TasksController#index as 
  Rendering tasks/index.html.erb within layouts/application
  [1m[36mTask Load (0.2ms)[0m  [1m[34mSELECT "tasks".* FROM "tasks"[0m
  ↳ app/views/tasks/index.html.erb:4
  Rendered tasks/index.html.erb within layouts/application (2.7ms)
Completed 200 OK in 53ms (Views: 34.4ms | ActiveRecord: 0.2ms)


Started GET "/tasks.2" for 127.0.0.1 at 2018-05-05 01:07:52 -0700
Processing by TasksController#index as 
  Rendering tasks/index.html.erb within layouts/application
  [1m[36mTask Load (0.1ms)[0m  [1m[34mSELECT "tasks".* FROM "tasks"[0m
  ↳ app/views/tasks/index.html.erb:4
  Rendered tasks/index.html.erb within layouts/application (2.9ms)
Completed 200 OK in 52ms (Views: 34.7ms | ActiveRecord: 0.1ms)


Started GET "/tasks.2" for 127.0.0.1 at 2018-05-05 01:07:53 -0700
Processing by TasksController#index as 
  Rendering tasks/index.html.erb within layouts/application
  [1m[36mTask Load (0.3ms)[0m  [1m[34mSELECT "tasks".* FROM "tasks"[0m
  ↳ app/views/tasks/index.html.erb:4
  Rendered tasks/index.html.erb within layouts/application (2.6ms)
Completed 200 OK in 76ms (Views: 57.2ms | ActiveRecord: 0.3ms)


Started GET "/tasks.2" for 127.0.0.1 at 2018-05-05 01:07:53 -0700
Processing by TasksController#index as 
  Rendering tasks/index.html.erb within layouts/application
  [1m[36mTask Load (0.2ms)[0m  [1m[34mSELECT "tasks".* FROM "tasks"[0m
  ↳ app/views/tasks/index.html.erb:4
  Rendered tasks/index.html.erb within layouts/application (2.0ms)
Completed 200 OK in 57ms (Views: 38.9ms | ActiveRecord: 0.2ms)


Started GET "/tasks.2" for 127.0.0.1 at 2018-05-05 01:07:53 -0700
Processing by TasksController#index as 
  Rendering tasks/index.html.erb within layouts/application
  [1m[36mTask Load (0.2ms)[0m  [1m[34mSELECT "tasks".* FROM "tasks"[0m
  ↳ app/views/tasks/index.html.erb:4
  Rendered tasks/index.html.erb within layouts/application (2.2ms)
Completed 200 OK in 61ms (Views: 37.5ms | ActiveRecord: 0.2ms)


Started GET "/tasks.2" for 127.0.0.1 at 2018-05-05 01:07:54 -0700
Processing by TasksController#index as 
  Rendering tasks/index.html.erb within layouts/application
  [1m[36mTask Load (0.2ms)[0m  [1m[34mSELECT "tasks".* FROM "tasks"[0m
  ↳ app/views/tasks/index.html.erb:4
  Rendered tasks/index.html.erb within layouts/application (3.7ms)
Completed 200 OK in 55ms (Views: 37.1ms | ActiveRecord: 0.2ms)


Started GET "/tasks.2" for 127.0.0.1 at 2018-05-05 01:07:54 -0700
Processing by TasksController#index as 
  Rendering tasks/index.html.erb within layouts/application
  [1m[36mTask Load (0.3ms)[0m  [1m[34mSELECT "tasks".* FROM "tasks"[0m
  ↳ app/views/tasks/index.html.erb:4
  Rendered tasks/index.html.erb within layouts/application (4.1ms)
Completed 200 OK in 54ms (Views: 34.9ms | ActiveRecord: 0.3ms)


Started GET "/tasks" for 127.0.0.1 at 2018-05-05 01:07:57 -0700
Processing by TasksController#index as HTML
  Rendering tasks/index.html.erb within layouts/application
  [1m[36mTask Load (0.3ms)[0m  [1m[34mSELECT "tasks".* FROM "tasks"[0m
  ↳ app/views/tasks/index.html.erb:4
  Rendered tasks/index.html.erb within layouts/application (3.2ms)
Completed 200 OK in 46ms (Views: 42.5ms | ActiveRecord: 0.3ms)


Started GET "/tasks/2" for 127.0.0.1 at 2018-05-05 01:07:58 -0700
Processing by TasksController#show as HTML
  Parameters: {"id"=>"2"}
  [1m[36mTask Load (0.3ms)[0m  [1m[34mSELECT  "tasks".* FROM "tasks" WHERE "tasks"."id" = ? LIMIT ?[0m  [["id", 2], ["LIMIT", 1]]
  ↳ app/controllers/tasks_controller.rb:7
  Rendering tasks/show.html.erb within layouts/application
  Rendered tasks/show.html.erb within layouts/application (121.3ms)
Completed 500 Internal Server Error in 130ms (ActiveRecord: 0.3ms)


  
ActionView::Template::Error (undefined method `edit_task_path' for #<#<Class:0x00007fae76b6c430>:0x00007fae75359cf8>):
    1: <%= link_to edit_task_path(@task.id), class: 'pull-right btn btn-default' do %>
    2:   <i class="fa fa-pencil"></i> Edit this task
    3: <% end %>
    4: 
  
app/views/tasks/show.html.erb:1:in `_app_views_tasks_show_html_erb___2228012448559395548_70193633743620'
Started GET "/tasks/1" for 127.0.0.1 at 2018-05-05 01:08:07 -0700
Processing by TasksController#show as HTML
  Parameters: {"id"=>"1"}
  [1m[36mTask Load (0.1ms)[0m  [1m[34mSELECT  "tasks".* FROM "tasks" WHERE "tasks"."id" = ? LIMIT ?[0m  [["id", 1], ["LIMIT", 1]]
  ↳ app/controllers/tasks_controller.rb:7
  Rendering tasks/show.html.erb within layouts/application
  Rendered tasks/show.html.erb within layouts/application (116.0ms)
Completed 500 Internal Server Error in 122ms (ActiveRecord: 0.1ms)


  
ActionView::Template::Error (undefined method `edit_task_path' for #<#<Class:0x00007fae76b6c430>:0x00007fae791e48d8>):
    1: <%= link_to edit_task_path(@task.id), class: 'pull-right btn btn-default' do %>
    2:   <i class="fa fa-pencil"></i> Edit this task
    3: <% end %>
    4: 
  
app/views/tasks/show.html.erb:1:in `_app_views_tasks_show_html_erb___2228012448559395548_70193666533620'
Started GET "/tasks/1" for 127.0.0.1 at 2018-05-05 01:12:09 -0700
Processing by TasksController#show as HTML
  Parameters: {"id"=>"1"}
  [1m[36mTask Load (0.1ms)[0m  [1m[34mSELECT  "tasks".* FROM "tasks" WHERE "tasks"."id" = ? LIMIT ?[0m  [["id", 1], ["LIMIT", 1]]
  ↳ app/controllers/tasks_controller.rb:7
  Rendering tasks/show.html.erb within layouts/application
  Rendered tasks/show.html.erb within layouts/application (120.3ms)
Completed 500 Internal Server Error in 127ms (ActiveRecord: 0.1ms)


  
ActionView::Template::Error (undefined method `edit_task_path' for #<#<Class:0x00007fae76b6c430>:0x00007fae7867ce50>):
    1: <%= link_to edit_task_path(@task.id), class: 'pull-right btn btn-default' do %>
    2:   <i class="fa fa-pencil"></i> Edit this task
    3: <% end %>
    4: 
  
app/views/tasks/show.html.erb:1:in `_app_views_tasks_show_html_erb___2228012448559395548_70193660554160'
Started GET "/tasks/index" for 127.0.0.1 at 2018-05-05 01:12:18 -0700
Processing by TasksController#show as HTML
  Parameters: {"id"=>"index"}
  [1m[36mTask Load (0.1ms)[0m  [1m[34mSELECT  "tasks".* FROM "tasks" WHERE "tasks"."id" = ? LIMIT ?[0m  [["id", 0], ["LIMIT", 1]]
  ↳ app/controllers/tasks_controller.rb:7
Completed 404 Not Found in 1ms (ActiveRecord: 0.1ms)


  
ActiveRecord::RecordNotFound (Couldn't find Task with 'id'=index):
  
app/controllers/tasks_controller.rb:7:in `show'
Started GET "/tasks/" for 127.0.0.1 at 2018-05-05 01:12:26 -0700
Processing by TasksController#index as HTML
  Rendering tasks/index.html.erb within layouts/application
  [1m[36mTask Load (0.1ms)[0m  [1m[34mSELECT "tasks".* FROM "tasks"[0m
  ↳ app/views/tasks/index.html.erb:4
  Rendered tasks/index.html.erb within layouts/application (124.2ms)
Completed 500 Internal Server Error in 129ms (ActiveRecord: 0.1ms)


  
ActionView::Template::Error (undefined method `task_path' for #<#<Class:0x00007fae76b6c430>:0x00007fae7871f5b0>
Did you mean?  tasks_path):
     8:       <% else %>
     9:         <i class="fa fa-square-o"></i>
    10:       <% end %>
    11:       <%= link_to task.title, task_path(task) %>
    12:       ·
    13:       <%= link_to tasks_path(task), method: :delete, data: { confirm: "Delete #{task.title}?" } do %>
    14:         <i class="fa fa-trash-o" aria-hidden="true"></i>
  
app/views/tasks/index.html.erb:11:in `block in _app_views_tasks_index_html_erb__942844510373503076_70193660886880'
app/views/tasks/index.html.erb:4:in `_app_views_tasks_index_html_erb__942844510373503076_70193660886880'
Started GET "/task" for 127.0.0.1 at 2018-05-05 01:12:36 -0700
  
ActionController::RoutingError (No route matches [GET] "/task"):
  
actionpack (5.2.0) lib/action_dispatch/middleware/debug_exceptions.rb:65:in `call'
web-console (3.6.2) lib/web_console/middleware.rb:135:in `call_app'
web-console (3.6.2) lib/web_console/middleware.rb:30:in `block in call'
web-console (3.6.2) lib/web_console/middleware.rb:20:in `catch'
web-console (3.6.2) lib/web_console/middleware.rb:20:in `call'
actionpack (5.2.0) lib/action_dispatch/middleware/show_exceptions.rb:33:in `call'
railties (5.2.0) lib/rails/rack/logger.rb:38:in `call_app'
railties (5.2.0) lib/rails/rack/logger.rb:26:in `block in call'
activesupport (5.2.0) lib/active_support/tagged_logging.rb:71:in `block in tagged'
activesupport (5.2.0) lib/active_support/tagged_logging.rb:28:in `tagged'
activesupport (5.2.0) lib/active_support/tagged_logging.rb:71:in `tagged'
railties (5.2.0) lib/rails/rack/logger.rb:26:in `call'
sprockets-rails (3.2.1) lib/sprockets/rails/quiet_assets.rb:13:in `call'
actionpack (5.2.0) lib/action_dispatch/middleware/remote_ip.rb:81:in `call'
actionpack (5.2.0) lib/action_dispatch/middleware/request_id.rb:27:in `call'
rack (2.0.5) lib/rack/method_override.rb:22:in `call'
rack (2.0.5) lib/rack/runtime.rb:22:in `call'
activesupport (5.2.0) lib/active_support/cache/strategy/local_cache_middleware.rb:29:in `call'
actionpack (5.2.0) lib/action_dispatch/middleware/executor.rb:14:in `call'
actionpack (5.2.0) lib/action_dispatch/middleware/static.rb:127:in `call'
rack (2.0.5) lib/rack/sendfile.rb:111:in `call'
railties (5.2.0) lib/rails/engine.rb:524:in `call'
puma (3.11.4) lib/puma/configuration.rb:225:in `call'
puma (3.11.4) lib/puma/server.rb:632:in `handle_request'
puma (3.11.4) lib/puma/server.rb:446:in `process_client'
puma (3.11.4) lib/puma/server.rb:306:in `block in run'
puma (3.11.4) lib/puma/thread_pool.rb:120:in `block in spawn_thread'
Started GET "/tasks" for 127.0.0.1 at 2018-05-05 01:12:39 -0700
Processing by TasksController#index as HTML
  Rendering tasks/index.html.erb within layouts/application
  [1m[36mTask Load (0.2ms)[0m  [1m[34mSELECT "tasks".* FROM "tasks"[0m
  ↳ app/views/tasks/index.html.erb:4
  Rendered tasks/index.html.erb within layouts/application (113.3ms)
Completed 500 Internal Server Error in 120ms (ActiveRecord: 0.2ms)


  
ActionView::Template::Error (undefined method `task_path' for #<#<Class:0x00007fae76b6c430>:0x00007fae743e8148>
Did you mean?  tasks_path):
     8:       <% else %>
     9:         <i class="fa fa-square-o"></i>
    10:       <% end %>
    11:       <%= link_to task.title, task_path(task) %>
    12:       ·
    13:       <%= link_to tasks_path(task), method: :delete, data: { confirm: "Delete #{task.title}?" } do %>
    14:         <i class="fa fa-trash-o" aria-hidden="true"></i>
  
app/views/tasks/index.html.erb:11:in `block in _app_views_tasks_index_html_erb__942844510373503076_70193625647940'
app/views/tasks/index.html.erb:4:in `_app_views_tasks_index_html_erb__942844510373503076_70193625647940'
Started GET "/tasks" for 127.0.0.1 at 2018-05-05 01:12:48 -0700
Processing by TasksController#index as HTML
  Rendering tasks/index.html.erb within layouts/application
  [1m[36mTask Load (0.1ms)[0m  [1m[34mSELECT "tasks".* FROM "tasks"[0m
  ↳ app/views/tasks/index.html.erb:4
  Rendered tasks/index.html.erb within layouts/application (125.9ms)
Completed 500 Internal Server Error in 131ms (ActiveRecord: 0.1ms)


  
ActionView::Template::Error (undefined method `task_path' for #<#<Class:0x00007fae76b6c430>:0x00007fae745fe540>
Did you mean?  tasks_path):
     8:       <% else %>
     9:         <i class="fa fa-square-o"></i>
    10:       <% end %>
    11:       <%= link_to task.title, task_path(task) %>
    12:       ·
    13:       <%= link_to tasks_path(task), method: :delete, data: { confirm: "Delete #{task.title}?" } do %>
    14:         <i class="fa fa-trash-o" aria-hidden="true"></i>
  
app/views/tasks/index.html.erb:11:in `block in _app_views_tasks_index_html_erb__942844510373503076_70193626740520'
app/views/tasks/index.html.erb:4:in `_app_views_tasks_index_html_erb__942844510373503076_70193626740520'
Started GET "/task" for 127.0.0.1 at 2018-05-05 01:12:52 -0700
  
ActionController::RoutingError (No route matches [GET] "/task"):
  
actionpack (5.2.0) lib/action_dispatch/middleware/debug_exceptions.rb:65:in `call'
web-console (3.6.2) lib/web_console/middleware.rb:135:in `call_app'
web-console (3.6.2) lib/web_console/middleware.rb:30:in `block in call'
web-console (3.6.2) lib/web_console/middleware.rb:20:in `catch'
web-console (3.6.2) lib/web_console/middleware.rb:20:in `call'
actionpack (5.2.0) lib/action_dispatch/middleware/show_exceptions.rb:33:in `call'
railties (5.2.0) lib/rails/rack/logger.rb:38:in `call_app'
railties (5.2.0) lib/rails/rack/logger.rb:26:in `block in call'
activesupport (5.2.0) lib/active_support/tagged_logging.rb:71:in `block in tagged'
activesupport (5.2.0) lib/active_support/tagged_logging.rb:28:in `tagged'
activesupport (5.2.0) lib/active_support/tagged_logging.rb:71:in `tagged'
railties (5.2.0) lib/rails/rack/logger.rb:26:in `call'
sprockets-rails (3.2.1) lib/sprockets/rails/quiet_assets.rb:13:in `call'
actionpack (5.2.0) lib/action_dispatch/middleware/remote_ip.rb:81:in `call'
actionpack (5.2.0) lib/action_dispatch/middleware/request_id.rb:27:in `call'
rack (2.0.5) lib/rack/method_override.rb:22:in `call'
rack (2.0.5) lib/rack/runtime.rb:22:in `call'
activesupport (5.2.0) lib/active_support/cache/strategy/local_cache_middleware.rb:29:in `call'
actionpack (5.2.0) lib/action_dispatch/middleware/executor.rb:14:in `call'
actionpack (5.2.0) lib/action_dispatch/middleware/static.rb:127:in `call'
rack (2.0.5) lib/rack/sendfile.rb:111:in `call'
railties (5.2.0) lib/rails/engine.rb:524:in `call'
puma (3.11.4) lib/puma/configuration.rb:225:in `call'
puma (3.11.4) lib/puma/server.rb:632:in `handle_request'
puma (3.11.4) lib/puma/server.rb:446:in `process_client'
puma (3.11.4) lib/puma/server.rb:306:in `block in run'
puma (3.11.4) lib/puma/thread_pool.rb:120:in `block in spawn_thread'
Started GET "/tasks" for 127.0.0.1 at 2018-05-05 01:12:56 -0700
Processing by TasksController#index as HTML
  Rendering tasks/index.html.erb within layouts/application
  [1m[36mTask Load (0.2ms)[0m  [1m[34mSELECT "tasks".* FROM "tasks"[0m
  ↳ app/views/tasks/index.html.erb:4
  Rendered tasks/index.html.erb within layouts/application (149.3ms)
Completed 500 Internal Server Error in 155ms (ActiveRecord: 0.2ms)


  
ActionView::Template::Error (undefined method `task_path' for #<#<Class:0x00007fae76b6c430>:0x00007fae78664f58>
Did you mean?  tasks_path):
     8:       <% else %>
     9:         <i class="fa fa-square-o"></i>
    10:       <% end %>
    11:       <%= link_to task.title, task_path(task) %>
    12:       ·
    13:       <%= link_to tasks_path(task), method: :delete, data: { confirm: "Delete #{task.title}?" } do %>
    14:         <i class="fa fa-trash-o" aria-hidden="true"></i>
  
app/views/tasks/index.html.erb:11:in `block in _app_views_tasks_index_html_erb__942844510373503076_70193660505140'
app/views/tasks/index.html.erb:4:in `_app_views_tasks_index_html_erb__942844510373503076_70193660505140'
Started GET "/tasks" for 127.0.0.1 at 2018-05-05 01:13:51 -0700
Processing by TasksController#index as HTML
  Rendering tasks/index.html.erb within layouts/application
  [1m[36mTask Load (0.2ms)[0m  [1m[34mSELECT "tasks".* FROM "tasks"[0m
  ↳ app/views/tasks/index.html.erb:4
  Rendered tasks/index.html.erb within layouts/application (7.2ms)
Completed 200 OK in 37ms (Views: 32.5ms | ActiveRecord: 0.7ms)


Started GET "/tasks" for 127.0.0.1 at 2018-05-05 01:13:54 -0700
Processing by TasksController#index as HTML
  Rendering tasks/index.html.erb within layouts/application
  [1m[36mTask Load (0.2ms)[0m  [1m[34mSELECT "tasks".* FROM "tasks"[0m
  ↳ app/views/tasks/index.html.erb:4
  Rendered tasks/index.html.erb within layouts/application (2.2ms)
Completed 200 OK in 27ms (Views: 24.7ms | ActiveRecord: 0.2ms)


Started GET "/tasks/1" for 127.0.0.1 at 2018-05-05 01:14:04 -0700
Processing by TasksController#show as HTML
  Parameters: {"id"=>"1"}
  [1m[36mTask Load (0.3ms)[0m  [1m[34mSELECT  "tasks".* FROM "tasks" WHERE "tasks"."id" = ? LIMIT ?[0m  [["id", 1], ["LIMIT", 1]]
  ↳ app/controllers/tasks_controller.rb:7
  Rendering tasks/show.html.erb within layouts/application
  Rendered tasks/show.html.erb within layouts/application (2.4ms)
Completed 200 OK in 39ms (Views: 35.7ms | ActiveRecord: 0.3ms)


Started GET "/tasks" for 127.0.0.1 at 2018-05-05 01:14:18 -0700
Processing by TasksController#index as HTML
  Rendering tasks/index.html.erb within layouts/application
  [1m[36mTask Load (0.2ms)[0m  [1m[34mSELECT "tasks".* FROM "tasks"[0m
  ↳ app/views/tasks/index.html.erb:4
  Rendered tasks/index.html.erb within layouts/application (7.7ms)
Completed 200 OK in 30ms (Views: 26.6ms | ActiveRecord: 0.7ms)


Started GET "/tasks/2" for 127.0.0.1 at 2018-05-05 01:14:20 -0700
Processing by TasksController#show as HTML
  Parameters: {"id"=>"2"}
  [1m[36mTask Load (6.6ms)[0m  [1m[34mSELECT  "tasks".* FROM "tasks" WHERE "tasks"."id" = ? LIMIT ?[0m  [["id", 2], ["LIMIT", 1]]
  ↳ app/controllers/tasks_controller.rb:7
  Rendering tasks/show.html.erb within layouts/application
  Rendered tasks/show.html.erb within layouts/application (1.3ms)
Completed 200 OK in 46ms (Views: 32.4ms | ActiveRecord: 6.6ms)


Started GET "/tasks" for 127.0.0.1 at 2018-05-05 01:14:46 -0700
Processing by TasksController#index as HTML
  Rendering tasks/index.html.erb within layouts/application
  [1m[36mTask Load (0.2ms)[0m  [1m[34mSELECT "tasks".* FROM "tasks"[0m
  ↳ app/views/tasks/index.html.erb:4
  Rendered tasks/index.html.erb within layouts/application (237.4ms)
Completed 500 Internal Server Error in 244ms (ActiveRecord: 1.1ms)


  
ActionView::Template::Error (undefined local variable or method `new_task_path' for #<#<Class:0x00007fae7845eec0>:0x00007fae7845d520>
Did you mean?  tasks_new_path):
    19: 
    20: <hr>
    21: 
    22: <%= link_to new_task_path do %>
    23:   <i class="fa fa-plus"></i> Add a new task
    24: <% end %>
  
app/views/tasks/index.html.erb:22:in `_app_views_tasks_index_html_erb__942844510373503076_70193659444060'
Started GET "/tasks" for 127.0.0.1 at 2018-05-05 01:15:06 -0700
  
SyntaxError (/Users/apple/Desktop/ruby_on_rail/rails-task-manager/config/routes.rb:5: syntax error, unexpected tIDENTIFIER, expecting keyword_end
...sks/new",    to: "tasks#new" as: :new_task
...                             ^~):
  
config/routes.rb:5: syntax error, unexpected tIDENTIFIER, expecting keyword_end
Started GET "/tasks" for 127.0.0.1 at 2018-05-05 01:15:17 -0700
Processing by TasksController#index as HTML
  Rendering tasks/index.html.erb within layouts/application
  [1m[36mTask Load (0.2ms)[0m  [1m[34mSELECT "tasks".* FROM "tasks"[0m
  ↳ app/views/tasks/index.html.erb:4
  Rendered tasks/index.html.erb within layouts/application (9.6ms)
Completed 200 OK in 43ms (Views: 39.7ms | ActiveRecord: 0.7ms)


Started GET "/tasks/1" for 127.0.0.1 at 2018-05-05 01:15:19 -0700
Processing by TasksController#show as HTML
  Parameters: {"id"=>"1"}
  [1m[36mTask Load (0.2ms)[0m  [1m[34mSELECT  "tasks".* FROM "tasks" WHERE "tasks"."id" = ? LIMIT ?[0m  [["id", 1], ["LIMIT", 1]]
  ↳ app/controllers/tasks_controller.rb:7
  Rendering tasks/show.html.erb within layouts/application
  Rendered tasks/show.html.erb within layouts/application (1.1ms)
Completed 200 OK in 30ms (Views: 25.7ms | ActiveRecord: 0.2ms)


Started GET "/tasks/1" for 127.0.0.1 at 2018-05-05 01:16:13 -0700
Processing by TasksController#show as HTML
  Parameters: {"id"=>"1"}
  [1m[36mTask Load (0.1ms)[0m  [1m[34mSELECT  "tasks".* FROM "tasks" WHERE "tasks"."id" = ? LIMIT ?[0m  [["id", 1], ["LIMIT", 1]]
  ↳ app/controllers/tasks_controller.rb:7
  Rendering tasks/show.html.erb within layouts/application
  Rendered tasks/show.html.erb within layouts/application (0.8ms)
Completed 200 OK in 27ms (Views: 17.3ms | ActiveRecord: 0.7ms)


Started GET "/tasks/1" for 127.0.0.1 at 2018-05-05 01:16:15 -0700
Processing by TasksController#show as HTML
  Parameters: {"id"=>"1"}
  [1m[36mTask Load (0.1ms)[0m  [1m[34mSELECT  "tasks".* FROM "tasks" WHERE "tasks"."id" = ? LIMIT ?[0m  [["id", 1], ["LIMIT", 1]]
  ↳ app/controllers/tasks_controller.rb:7
  Rendering tasks/show.html.erb within layouts/application
  Rendered tasks/show.html.erb within layouts/application (0.6ms)
Completed 200 OK in 23ms (Views: 20.1ms | ActiveRecord: 0.1ms)


Started GET "/tasks" for 127.0.0.1 at 2018-05-05 01:16:16 -0700
Processing by TasksController#index as HTML
  Rendering tasks/index.html.erb within layouts/application
  [1m[36mTask Load (0.3ms)[0m  [1m[34mSELECT "tasks".* FROM "tasks"[0m
  ↳ app/views/tasks/index.html.erb:4
  Rendered tasks/index.html.erb within layouts/application (3.6ms)
Completed 200 OK in 37ms (Views: 34.8ms | ActiveRecord: 0.3ms)


Started GET "/tasks/new" for 127.0.0.1 at 2018-05-05 01:16:20 -0700
Processing by TasksController#new as HTML
  Rendering tasks/new.html.erb within layouts/application
  Rendered tasks/_form.html.erb (10.0ms)
  Rendered tasks/new.html.erb within layouts/application (13.8ms)
Completed 200 OK in 35ms (Views: 33.5ms | ActiveRecord: 0.0ms)


Started POST "/tasks" for 127.0.0.1 at 2018-05-05 01:16:32 -0700
Processing by TasksController#create as HTML
  Parameters: {"utf8"=>"✓", "authenticity_token"=>"eaA5OFM5tXqwKYnI+MBEpcW19cESR8joThOjqsjzMD60AaM/3LdaH344fIUh8JAwv+xMpkKxUZgd2SUJLq1P5Q==", "task"=>{"title"=>"GF", "details"=>"Get a girlfriend "}, "commit"=>"Create Task"}
Completed 500 Internal Server Error in 140ms (ActiveRecord: 0.0ms)


  
NameError (undefined local variable or method `task' for #<TasksController:0x00007fae752246d0>
Did you mean?  @task):
  
app/controllers/tasks_controller.rb:16:in `create'
Started POST "/tasks" for 127.0.0.1 at 2018-05-05 01:18:09 -0700
Processing by TasksController#create as HTML
  Parameters: {"utf8"=>"✓", "authenticity_token"=>"RBr3i4b7o8NvuAsiCrzuHFnxhGBj1UE9BcxZq9yGqSWcPgN61bhZx5cKvHF4dqd1jiGZnN6P0ppNqWV4oP+tAA==", "task"=>{"title"=>"GF", "details"=>"Get a girlfriend "}, "commit"=>"Create Task"}
  [1m[35m (0.1ms)[0m  [1m[36mbegin transaction[0m
  ↳ app/controllers/tasks_controller.rb:16
  [1m[36mTask Create (0.5ms)[0m  [1m[32mINSERT INTO "tasks" ("title", "details", "created_at", "updated_at") VALUES (?, ?, ?, ?)[0m  [["title", "GF"], ["details", "Get a girlfriend "], ["created_at", "2018-05-05 08:18:09.905913"], ["updated_at", "2018-05-05 08:18:09.905913"]]
  ↳ app/controllers/tasks_controller.rb:16
  [1m[35m (0.7ms)[0m  [1m[36mcommit transaction[0m
  ↳ app/controllers/tasks_controller.rb:16
Redirected to http://localhost:3000/tasks
Completed 302 Found in 14ms (ActiveRecord: 1.9ms)


Started GET "/tasks" for 127.0.0.1 at 2018-05-05 01:18:09 -0700
Processing by TasksController#index as HTML
  Rendering tasks/index.html.erb within layouts/application
  [1m[36mTask Load (0.2ms)[0m  [1m[34mSELECT "tasks".* FROM "tasks"[0m
  ↳ app/views/tasks/index.html.erb:4
  Rendered tasks/index.html.erb within layouts/application (2.9ms)
Completed 200 OK in 27ms (Views: 25.1ms | ActiveRecord: 0.2ms)


Started GET "/tasks/3" for 127.0.0.1 at 2018-05-05 01:18:11 -0700
Processing by TasksController#show as HTML
  Parameters: {"id"=>"3"}
  [1m[36mTask Load (0.2ms)[0m  [1m[34mSELECT  "tasks".* FROM "tasks" WHERE "tasks"."id" = ? LIMIT ?[0m  [["id", 3], ["LIMIT", 1]]
  ↳ app/controllers/tasks_controller.rb:7
  Rendering tasks/show.html.erb within layouts/application
  Rendered tasks/show.html.erb within layouts/application (2.7ms)
Completed 200 OK in 41ms (Views: 37.3ms | ActiveRecord: 0.2ms)


Started GET "/tasks" for 127.0.0.1 at 2018-05-05 01:18:17 -0700
Processing by TasksController#index as HTML
  Rendering tasks/index.html.erb within layouts/application
  [1m[36mTask Load (0.2ms)[0m  [1m[34mSELECT "tasks".* FROM "tasks"[0m
  ↳ app/views/tasks/index.html.erb:4
  Rendered tasks/index.html.erb within layouts/application (3.0ms)
Completed 200 OK in 42ms (Views: 38.9ms | ActiveRecord: 0.2ms)


Started GET "/tasks/3" for 127.0.0.1 at 2018-05-05 01:18:23 -0700
Processing by TasksController#show as HTML
  Parameters: {"id"=>"3"}
  [1m[36mTask Load (0.2ms)[0m  [1m[34mSELECT  "tasks".* FROM "tasks" WHERE "tasks"."id" = ? LIMIT ?[0m  [["id", 3], ["LIMIT", 1]]
  ↳ app/controllers/tasks_controller.rb:7
  Rendering tasks/show.html.erb within layouts/application
  Rendered tasks/show.html.erb within layouts/application (2.6ms)
Completed 200 OK in 46ms (Views: 42.0ms | ActiveRecord: 0.2ms)


